
2017-03-31 13:00:12,959 - main_process.py - [line:332] - INFO - 连接数据库成功
2017-03-31 13:00:12,960 - main_process.py - [line:84] - INFO - 执行SQL语句:select a.patient_id, b.name, a.operation_desc, a.operating_grade, a.wound_grade, a.operator,     a.operation_code, a.heal, a.anaesthesia_method, a.operation_dept_code, d.dept_name, a.operating_date, c.discharge_date_time     from operation a, pat_master_index b, pat_visit c, dept_dict d     where c.discharge_date_time > to_date('2017/02/01', 'yyyy/mm/dd')     and c.discharge_date_time < to_date('2017/03/01', 'yyyy/mm/dd')     and a.patient_id = c.patient_id     and c.patient_id = b.patient_id     and a.operation_dept_code = d.dept_code
2017-03-31 13:00:13,667 - main_process.py - [line:301] - ERROR - [Errno 2] No such file or directory: 'F:\\project\\operation_info\\\\result\\\xca\xd6\xca\xf5\xd0\xc5\xcf\xa2\xcd\xb3\xbc\xc62017\\03\\31-130013.xls'
2017-03-31 13:00:13,667 - main_process.py - [line:345] - ERROR - 写入excel失败
2017-03-31 13:00:13,700 - main_process.py - [line:353] - INFO - 数据库连接关闭成功
2017-03-31 13:00:31,042 - main_process.py - [line:332] - INFO - 连接数据库成功
2017-03-31 13:00:31,042 - main_process.py - [line:84] - INFO - 执行SQL语句:select a.patient_id, b.name, a.operation_desc, a.operating_grade, a.wound_grade, a.operator,     a.operation_code, a.heal, a.anaesthesia_method, a.operation_dept_code, d.dept_name, a.operating_date, c.discharge_date_time     from operation a, pat_master_index b, pat_visit c, dept_dict d     where c.discharge_date_time > to_date('2017/02/01', 'yyyy/mm/dd')     and c.discharge_date_time < to_date('2017/03/01', 'yyyy/mm/dd')     and a.patient_id = c.patient_id     and c.patient_id = b.patient_id     and a.operation_dept_code = d.dept_code
2017-03-31 13:00:31,763 - main_process.py - [line:301] - ERROR - [Errno 2] No such file or directory: 'F:\\project\\operation_info\\\\result\\\xca\xd6\xca\xf5\xd0\xc5\xcf\xa2\xcd\xb3\xbc\xc62017\\03\\31-130031.xls'
2017-03-31 13:00:31,763 - main_process.py - [line:345] - ERROR - 写入excel失败
2017-03-31 13:00:31,778 - main_process.py - [line:353] - INFO - 数据库连接关闭成功
2017-03-31 13:01:02,331 - main_process.py - [line:332] - INFO - 连接数据库成功
2017-03-31 13:01:02,331 - main_process.py - [line:84] - INFO - 执行SQL语句:select a.patient_id, b.name, a.operation_desc, a.operating_grade, a.wound_grade, a.operator,     a.operation_code, a.heal, a.anaesthesia_method, a.operation_dept_code, d.dept_name, a.operating_date, c.discharge_date_time     from operation a, pat_master_index b, pat_visit c, dept_dict d     where c.discharge_date_time > to_date('2017/02/01', 'yyyy/mm/dd')     and c.discharge_date_time < to_date('2017/03/01', 'yyyy/mm/dd')     and a.patient_id = c.patient_id     and c.patient_id = b.patient_id     and a.operation_dept_code = d.dept_code
2017-03-31 13:01:03,038 - main_process.py - [line:301] - ERROR - [Errno 22] invalid mode ('w+b') or filename: 'F:\\project\\operation_info\\\\result\\\xca\xd6\xca\xf5\xd0\xc5\xcf\xa2\xcd\xb3\xbc\xc62017-03-31 13:01:02.xls'
2017-03-31 13:01:03,038 - main_process.py - [line:345] - ERROR - 写入excel失败
2017-03-31 13:01:03,066 - main_process.py - [line:353] - INFO - 数据库连接关闭成功
2017-03-31 13:01:38,062 - main_process.py - [line:332] - INFO - 连接数据库成功
2017-03-31 13:01:38,063 - main_process.py - [line:84] - INFO - 执行SQL语句:select a.patient_id, b.name, a.operation_desc, a.operating_grade, a.wound_grade, a.operator,     a.operation_code, a.heal, a.anaesthesia_method, a.operation_dept_code, d.dept_name, a.operating_date, c.discharge_date_time     from operation a, pat_master_index b, pat_visit c, dept_dict d     where c.discharge_date_time > to_date('2017/02/01', 'yyyy/mm/dd')     and c.discharge_date_time < to_date('2017/03/01', 'yyyy/mm/dd')     and a.patient_id = c.patient_id     and c.patient_id = b.patient_id     and a.operation_dept_code = d.dept_code
2017-03-31 13:01:38,823 - main_process.py - [line:353] - INFO - 数据库连接关闭成功
2017-03-31 13:05:59,069 - main_process.py - [line:333] - INFO - 连接数据库成功
2017-03-31 13:05:59,071 - main_process.py - [line:84] - INFO - 执行SQL语句:select a.patient_id, b.name, a.operation_desc, a.operating_grade, a.wound_grade, a.operator,     a.operation_code, a.heal, a.anaesthesia_method, a.operation_dept_code, d.dept_name, a.operating_date, c.discharge_date_time     from operation a, pat_master_index b, pat_visit c, dept_dict d     where c.discharge_date_time > to_date('2017/02/01', 'yyyy/mm/dd')     and c.discharge_date_time < to_date('2017/03/01', 'yyyy/mm/dd')     and a.patient_id = c.patient_id     and c.patient_id = b.patient_id     and a.operation_dept_code = d.dept_code
2017-03-31 13:06:00,072 - main_process.py - [line:354] - INFO - 数据库连接关闭成功
