
2017-03-29 19:54:12,676 - main_process.py - [line:228] - INFO - 连接数据库成功
2017-03-29 19:54:12,676 - main_process.py - [line:78] - INFO - 执行SQL语句:select a.patient_id, b.name, a.operation_desc, a.operating_grade, a.wound_grade, a.operator,     a.operation_code, a.heal, a.anaesthesia_method, a.operation_dept_code, d.dept_name, a.operating_date, c.discharge_date_time     from operation a, pat_master_index b, pat_visit c, dept_dict d     where c.discharge_date_time > to_date('2017/03/01', 'yyyy/mm/dd')     and c.discharge_date_time < to_date('2017/04/01', 'yyyy/mm/dd')     and a.patient_id = c.patient_id     and c.patient_id = b.patient_id     and a.operation_dept_code = d.dept_code
2017-03-29 19:54:12,680 - main_process.py - [line:92] - INFO - 没有符合条件的数据
2017-03-29 19:54:12,684 - main_process.py - [line:248] - INFO - 数据库连接关闭成功
2017-03-29 19:57:19,415 - main_process.py - [line:231] - INFO - 连接数据库成功
2017-03-29 19:57:19,415 - main_process.py - [line:78] - INFO - 执行SQL语句:select a.patient_id, b.name, a.operation_desc, a.operating_grade, a.wound_grade, a.operator,     a.operation_code, a.heal, a.anaesthesia_method, a.operation_dept_code, d.dept_name, a.operating_date, c.discharge_date_time     from operation a, pat_master_index b, pat_visit c, dept_dict d     where c.discharge_date_time > to_date('2016/03/01', 'yyyy/mm/dd')     and c.discharge_date_time < to_date('2016/04/01', 'yyyy/mm/dd')     and a.patient_id = c.patient_id     and c.patient_id = b.patient_id     and a.operation_dept_code = d.dept_code
2017-03-29 19:57:20,253 - main_process.py - [line:251] - INFO - 数据库连接关闭成功
2017-03-29 19:58:02,286 - main_process.py - [line:231] - INFO - 连接数据库成功
2017-03-29 19:58:02,288 - main_process.py - [line:78] - INFO - 执行SQL语句:select a.patient_id, b.name, a.operation_desc, a.operating_grade, a.wound_grade, a.operator,     a.operation_code, a.heal, a.anaesthesia_method, a.operation_dept_code, d.dept_name, a.operating_date, c.discharge_date_time     from operation a, pat_master_index b, pat_visit c, dept_dict d     where c.discharge_date_time > to_date('2016/03/01', 'yyyy/mm/dd')     and c.discharge_date_time < to_date('2016/04/01', 'yyyy/mm/dd')     and a.patient_id = c.patient_id     and c.patient_id = b.patient_id     and a.operation_dept_code = d.dept_code
2017-03-29 19:58:30,803 - main_process.py - [line:231] - INFO - 连接数据库成功
2017-03-29 19:58:30,803 - main_process.py - [line:78] - INFO - 执行SQL语句:select a.patient_id, b.name, a.operation_desc, a.operating_grade, a.wound_grade, a.operator,     a.operation_code, a.heal, a.anaesthesia_method, a.operation_dept_code, d.dept_name, a.operating_date, c.discharge_date_time     from operation a, pat_master_index b, pat_visit c, dept_dict d     where c.discharge_date_time > to_date('2016/03/01', 'yyyy/mm/dd')     and c.discharge_date_time < to_date('2016/04/01', 'yyyy/mm/dd')     and a.patient_id = c.patient_id     and c.patient_id = b.patient_id     and a.operation_dept_code = d.dept_code
2017-03-29 19:58:31,568 - main_process.py - [line:251] - INFO - 数据库连接关闭成功
2017-03-29 19:58:37,056 - main_process.py - [line:231] - INFO - 连接数据库成功
2017-03-29 19:58:37,058 - main_process.py - [line:78] - INFO - 执行SQL语句:select a.patient_id, b.name, a.operation_desc, a.operating_grade, a.wound_grade, a.operator,     a.operation_code, a.heal, a.anaesthesia_method, a.operation_dept_code, d.dept_name, a.operating_date, c.discharge_date_time     from operation a, pat_master_index b, pat_visit c, dept_dict d     where c.discharge_date_time > to_date('2016/03/01', 'yyyy/mm/dd')     and c.discharge_date_time < to_date('2016/04/01', 'yyyy/mm/dd')     and a.patient_id = c.patient_id     and c.patient_id = b.patient_id     and a.operation_dept_code = d.dept_code
2017-03-29 20:04:08,851 - main_process.py - [line:232] - INFO - 连接数据库成功
2017-03-29 20:04:08,851 - main_process.py - [line:78] - INFO - 执行SQL语句:select a.patient_id, b.name, a.operation_desc, a.operating_grade, a.wound_grade, a.operator,     a.operation_code, a.heal, a.anaesthesia_method, a.operation_dept_code, d.dept_name, a.operating_date, c.discharge_date_time     from operation a, pat_master_index b, pat_visit c, dept_dict d     where c.discharge_date_time > to_date('2016/03/01', 'yyyy/mm/dd')     and c.discharge_date_time < to_date('2016/04/01', 'yyyy/mm/dd')     and a.patient_id = c.patient_id     and c.patient_id = b.patient_id     and a.operation_dept_code = d.dept_code
2017-03-29 20:04:10,776 - main_process.py - [line:252] - INFO - 数据库连接关闭成功
2017-03-29 20:05:46,453 - main_process.py - [line:232] - INFO - 连接数据库成功
2017-03-29 20:05:46,453 - main_process.py - [line:78] - INFO - 执行SQL语句:select a.patient_id, b.name, a.operation_desc, a.operating_grade, a.wound_grade, a.operator,     a.operation_code, a.heal, a.anaesthesia_method, a.operation_dept_code, d.dept_name, a.operating_date, c.discharge_date_time     from operation a, pat_master_index b, pat_visit c, dept_dict d     where c.discharge_date_time > to_date('2016/03/01', 'yyyy/mm/dd')     and c.discharge_date_time < to_date('2016/04/01', 'yyyy/mm/dd')     and a.patient_id = c.patient_id     and c.patient_id = b.patient_id     and a.operation_dept_code = d.dept_code
2017-03-29 20:14:06,591 - main_process.py - [line:233] - INFO - 连接数据库成功
2017-03-29 20:14:06,591 - main_process.py - [line:78] - INFO - 执行SQL语句:select a.patient_id, b.name, a.operation_desc, a.operating_grade, a.wound_grade, a.operator,     a.operation_code, a.heal, a.anaesthesia_method, a.operation_dept_code, d.dept_name, a.operating_date, c.discharge_date_time     from operation a, pat_master_index b, pat_visit c, dept_dict d     where c.discharge_date_time > to_date('2016/03/01', 'yyyy/mm/dd')     and c.discharge_date_time < to_date('2016/04/01', 'yyyy/mm/dd')     and a.patient_id = c.patient_id     and c.patient_id = b.patient_id     and a.operation_dept_code = d.dept_code
2017-03-29 20:14:08,878 - main_process.py - [line:253] - INFO - 数据库连接关闭成功
2017-03-29 20:15:16,795 - main_process.py - [line:232] - INFO - 连接数据库成功
2017-03-29 20:15:16,796 - main_process.py - [line:78] - INFO - 执行SQL语句:select a.patient_id, b.name, a.operation_desc, a.operating_grade, a.wound_grade, a.operator,     a.operation_code, a.heal, a.anaesthesia_method, a.operation_dept_code, d.dept_name, a.operating_date, c.discharge_date_time     from operation a, pat_master_index b, pat_visit c, dept_dict d     where c.discharge_date_time > to_date('2016/03/01', 'yyyy/mm/dd')     and c.discharge_date_time < to_date('2016/04/01', 'yyyy/mm/dd')     and a.patient_id = c.patient_id     and c.patient_id = b.patient_id     and a.operation_dept_code = d.dept_code
2017-03-29 20:23:09,601 - main_process.py - [line:231] - INFO - 连接数据库成功
2017-03-29 20:23:09,601 - main_process.py - [line:78] - INFO - 执行SQL语句:select a.patient_id, b.name, a.operation_desc, a.operating_grade, a.wound_grade, a.operator,     a.operation_code, a.heal, a.anaesthesia_method, a.operation_dept_code, d.dept_name, a.operating_date, c.discharge_date_time     from operation a, pat_master_index b, pat_visit c, dept_dict d     where c.discharge_date_time > to_date('2016/03/01', 'yyyy/mm/dd')     and c.discharge_date_time < to_date('2016/04/01', 'yyyy/mm/dd')     and a.patient_id = c.patient_id     and c.patient_id = b.patient_id     and a.operation_dept_code = d.dept_code
2017-03-29 20:27:13,581 - main_process.py - [line:251] - INFO - 数据库连接关闭成功
2017-03-29 20:27:45,706 - main_process.py - [line:232] - INFO - 连接数据库成功
2017-03-29 20:27:45,706 - main_process.py - [line:78] - INFO - 执行SQL语句:select a.patient_id, b.name, a.operation_desc, a.operating_grade, a.wound_grade, a.operator,     a.operation_code, a.heal, a.anaesthesia_method, a.operation_dept_code, d.dept_name, a.operating_date, c.discharge_date_time     from operation a, pat_master_index b, pat_visit c, dept_dict d     where c.discharge_date_time > to_date('2016/03/01', 'yyyy/mm/dd')     and c.discharge_date_time < to_date('2016/04/01', 'yyyy/mm/dd')     and a.patient_id = c.patient_id     and c.patient_id = b.patient_id     and a.operation_dept_code = d.dept_code
2017-03-29 20:27:46,490 - main_process.py - [line:252] - INFO - 数据库连接关闭成功
2017-03-29 20:32:55,609 - main_process.py - [line:233] - INFO - 连接数据库成功
2017-03-29 20:32:55,611 - main_process.py - [line:79] - INFO - 执行SQL语句:select a.patient_id, b.name, a.operation_desc, a.operating_grade, a.wound_grade, a.operator,     a.operation_code, a.heal, a.anaesthesia_method, a.operation_dept_code, d.dept_name, a.operating_date, c.discharge_date_time     from operation a, pat_master_index b, pat_visit c, dept_dict d     where c.discharge_date_time > to_date('2016/03/01', 'yyyy/mm/dd')     and c.discharge_date_time < to_date('2016/04/01', 'yyyy/mm/dd')     and a.patient_id = '315451'     and a.patient_id = c.patient_id     and c.patient_id = b.patient_id     and a.operation_dept_code = d.dept_code
2017-03-29 20:39:51,624 - main_process.py - [line:234] - INFO - 连接数据库成功
2017-03-29 20:39:51,624 - main_process.py - [line:79] - INFO - 执行SQL语句:select a.patient_id, b.name, a.operation_desc, a.operating_grade, a.wound_grade, a.operator,     a.operation_code, a.heal, a.anaesthesia_method, a.operation_dept_code, d.dept_name, a.operating_date, c.discharge_date_time     from operation a, pat_master_index b, pat_visit c, dept_dict d     where c.discharge_date_time > to_date('2016/03/01', 'yyyy/mm/dd')     and c.discharge_date_time < to_date('2016/04/01', 'yyyy/mm/dd')     and a.patient_id = '315451'     and a.patient_id = c.patient_id     and c.patient_id = b.patient_id     and a.operation_dept_code = d.dept_code
2017-03-29 20:39:51,638 - main_process.py - [line:254] - INFO - 数据库连接关闭成功
2017-03-29 20:42:41,971 - main_process.py - [line:233] - INFO - 连接数据库成功
2017-03-29 20:42:41,971 - main_process.py - [line:78] - INFO - 执行SQL语句:select a.patient_id, b.name, a.operation_desc, a.operating_grade, a.wound_grade, a.operator,     a.operation_code, a.heal, a.anaesthesia_method, a.operation_dept_code, d.dept_name, a.operating_date, c.discharge_date_time     from operation a, pat_master_index b, pat_visit c, dept_dict d     where c.discharge_date_time > to_date('2016/03/01', 'yyyy/mm/dd')     and c.discharge_date_time < to_date('2016/04/01', 'yyyy/mm/dd')     and a.patient_id = c.patient_id     and c.patient_id = b.patient_id     and a.operation_dept_code = d.dept_code
2017-03-29 20:42:42,723 - main_process.py - [line:253] - INFO - 数据库连接关闭成功
2017-03-29 20:46:39,288 - main_process.py - [line:234] - INFO - 连接数据库成功
2017-03-29 20:46:39,288 - main_process.py - [line:79] - INFO - 执行SQL语句:select a.patient_id, b.name, a.operation_desc, a.operating_grade, a.wound_grade, a.operator,     a.operation_code, a.heal, a.anaesthesia_method, a.operation_dept_code, d.dept_name, a.operating_date, c.discharge_date_time     from operation a, pat_master_index b, pat_visit c, dept_dict d     where c.discharge_date_time > to_date('2017/03/01', 'yyyy/mm/dd')     and c.discharge_date_time < to_date('2017/04/01', 'yyyy/mm/dd')     and a.patient_id = '372624'     and a.patient_id = c.patient_id     and c.patient_id = b.patient_id     and a.operation_dept_code = d.dept_code
2017-03-29 20:46:39,296 - main_process.py - [line:93] - INFO - 没有符合条件的数据
2017-03-29 20:46:39,301 - main_process.py - [line:254] - INFO - 数据库连接关闭成功
2017-03-29 20:47:26,911 - main_process.py - [line:234] - INFO - 连接数据库成功
2017-03-29 20:47:26,913 - main_process.py - [line:79] - INFO - 执行SQL语句:select a.patient_id, b.name, a.operation_desc, a.operating_grade, a.wound_grade, a.operator,     a.operation_code, a.heal, a.anaesthesia_method, a.operation_dept_code, d.dept_name, a.operating_date, c.discharge_date_time     from operation a, pat_master_index b, pat_visit c, dept_dict d     where c.discharge_date_time > to_date('2017/03/01', 'yyyy/mm/dd')     and c.discharge_date_time < to_date('2017/04/01', 'yyyy/mm/dd')     and a.patient_id = '372624'     and a.patient_id = c.patient_id     and c.patient_id = b.patient_id     and a.operation_dept_code = d.dept_code
2017-03-29 20:47:26,915 - main_process.py - [line:93] - INFO - 没有符合条件的数据
2017-03-29 20:47:26,920 - main_process.py - [line:254] - INFO - 数据库连接关闭成功
2017-03-29 20:48:28,953 - main_process.py - [line:234] - INFO - 连接数据库成功
2017-03-29 20:48:28,953 - main_process.py - [line:79] - INFO - 执行SQL语句:select a.patient_id, b.name, a.operation_desc, a.operating_grade, a.wound_grade, a.operator,     a.operation_code, a.heal, a.anaesthesia_method, a.operation_dept_code, d.dept_name, a.operating_date, c.discharge_date_time     from operation a, pat_master_index b, pat_visit c, dept_dict d     where c.discharge_date_time > to_date('2017/01/01', 'yyyy/mm/dd')     and c.discharge_date_time < to_date('2017/05/01', 'yyyy/mm/dd')     and a.patient_id = '372624'     and a.patient_id = c.patient_id     and c.patient_id = b.patient_id     and a.operation_dept_code = d.dept_code
2017-03-29 20:48:28,960 - main_process.py - [line:93] - INFO - 没有符合条件的数据
2017-03-29 20:48:28,964 - main_process.py - [line:254] - INFO - 数据库连接关闭成功
2017-03-29 20:51:57,388 - main_process.py - [line:234] - INFO - 连接数据库成功
2017-03-29 20:51:57,388 - main_process.py - [line:79] - INFO - 执行SQL语句:select a.patient_id, b.name, a.operation_desc, a.operating_grade, a.wound_grade, a.operator,     a.operation_code, a.heal, a.anaesthesia_method, a.operation_dept_code, d.dept_name, a.operating_date, c.discharge_date_time     from operation a, pat_master_index b, pat_visit c, dept_dict d     where c.discharge_date_time > to_date('2017/03/01', 'yyyy/mm/dd')     and c.discharge_date_time < to_date('2017/04/01', 'yyyy/mm/dd')     and a.patient_id = '372624'     and a.patient_id = c.patient_id     and c.patient_id = b.patient_id     and a.operation_dept_code = d.dept_code
2017-03-29 20:51:57,411 - main_process.py - [line:254] - INFO - 数据库连接关闭成功
2017-03-29 20:58:47,417 - main_process.py - [line:228] - INFO - 连接数据库成功
2017-03-29 20:58:47,417 - main_process.py - [line:75] - INFO - 执行SQL语句:select a.patient_id, b.name, a.operation_desc, a.operating_grade, a.wound_grade, a.operator,     a.operation_code, a.heal, a.anaesthesia_method, a.operation_dept_code, d.dept_name, a.operating_date, c.discharge_date_time     from operation a, pat_master_index b, pat_visit c, dept_dict d     where c.discharge_date_time > to_date('2017/03/01', 'yyyy/mm/dd')     and c.discharge_date_time < to_date('2017/04/01', 'yyyy/mm/dd')     and a.patient_id = c.patient_id     and c.patient_id = b.patient_id     and a.operation_dept_code = d.dept_code
2017-03-29 20:58:48,312 - main_process.py - [line:248] - INFO - 数据库连接关闭成功
2017-03-29 21:03:27,108 - main_process.py - [line:232] - INFO - 连接数据库成功
2017-03-29 21:03:27,108 - main_process.py - [line:75] - INFO - 执行SQL语句:select a.patient_id, b.name, a.operation_desc, a.operating_grade, a.wound_grade, a.operator,     a.operation_code, a.heal, a.anaesthesia_method, a.operation_dept_code, d.dept_name, a.operating_date, c.discharge_date_time     from operation a, pat_master_index b, pat_visit c, dept_dict d     where c.discharge_date_time > to_date('2017/03/01', 'yyyy/mm/dd')     and c.discharge_date_time < to_date('2017/04/01', 'yyyy/mm/dd')     and a.patient_id = c.patient_id     and c.patient_id = b.patient_id     and a.operation_dept_code = d.dept_code
2017-03-29 21:03:27,984 - main_process.py - [line:252] - INFO - 数据库连接关闭成功
2017-03-29 21:07:28,066 - main_process.py - [line:232] - INFO - 连接数据库成功
2017-03-29 21:07:28,066 - main_process.py - [line:75] - INFO - 执行SQL语句:select a.patient_id, b.name, a.operation_desc, a.operating_grade, a.wound_grade, a.operator,     a.operation_code, a.heal, a.anaesthesia_method, a.operation_dept_code, d.dept_name, a.operating_date, c.discharge_date_time     from operation a, pat_master_index b, pat_visit c, dept_dict d     where c.discharge_date_time > to_date('2017/03/01', 'yyyy/mm/dd')     and c.discharge_date_time < to_date('2017/04/01', 'yyyy/mm/dd')     and a.patient_id = c.patient_id     and c.patient_id = b.patient_id     and a.operation_dept_code = d.dept_code
2017-03-29 21:07:28,980 - main_process.py - [line:252] - INFO - 数据库连接关闭成功
2017-03-29 21:29:54,117 - main_process.py - [line:244] - INFO - 连接数据库成功
2017-03-29 21:29:54,117 - main_process.py - [line:78] - INFO - 执行SQL语句:select a.patient_id, b.name, a.operation_desc, a.operating_grade, a.wound_grade, a.operator,     a.operation_code, a.heal, a.anaesthesia_method, a.operation_dept_code, d.dept_name, a.operating_date, c.discharge_date_time     from operation a, pat_master_index b, pat_visit c, dept_dict d     where c.discharge_date_time > to_date('2017/03/01', 'yyyy/mm/dd')     and c.discharge_date_time < to_date('2017/04/01', 'yyyy/mm/dd')     and a.patient_id = c.patient_id     and c.patient_id = b.patient_id     and a.operation_dept_code = d.dept_code
2017-03-29 21:29:55,051 - main_process.py - [line:264] - INFO - 数据库连接关闭成功
2017-03-29 21:35:28,677 - main_process.py - [line:244] - INFO - 连接数据库成功
2017-03-29 21:35:28,677 - main_process.py - [line:78] - INFO - 执行SQL语句:select a.patient_id, b.name, a.operation_desc, a.operating_grade, a.wound_grade, a.operator,     a.operation_code, a.heal, a.anaesthesia_method, a.operation_dept_code, d.dept_name, a.operating_date, c.discharge_date_time     from operation a, pat_master_index b, pat_visit c, dept_dict d     where c.discharge_date_time > to_date('2017/03/01', 'yyyy/mm/dd')     and c.discharge_date_time < to_date('2017/04/01', 'yyyy/mm/dd')     and a.patient_id = c.patient_id     and c.patient_id = b.patient_id     and a.operation_dept_code = d.dept_code
2017-03-29 21:35:29,515 - main_process.py - [line:264] - INFO - 数据库连接关闭成功
